{"uuid":"ebae6071-de04-4be8-8ec8-21da8b39fafd","historyId":"fc9a8ad32e8d3a37eaaec7c6e4693d4e","fullName":"Login with Student Account and Verify Details: Verify student login and details","labels":[{"name":"tag","value":"verifyStudent"},{"name":"tag","value":"regression"},{"name":"host","value":"Rayyan"},{"name":"thread","value":"31024@Rayyan.main(1)"},{"name":"feature","value":"Login with Student Account and Verify Details"},{"name":"story","value":"Verify student login and details"},{"name":"suite","value":"Login with Student Account and Verify Details"},{"name":"testClass","value":"Verify student login and details"},{"name":"framework","value":"cucumber4jvm"},{"name":"language","value":"java"},{"name":"gherkin_uri","value":"file:///C:/Users/Rayya/eclipse-workspace/SIS_Project_Mahwish/src/test/resources/features/VerifyStudentInfo.feature"},{"name":"package","value":"src.test.resources.features.VerifyStudentInfo_feature.Login with Student Account and Verify Details"}],"links":[],"name":"Verify student login and details","status":"broken","statusDetails":{"known":false,"muted":false,"flaky":false,"message":"Unable to find element with locator By.xpath: //span[@data-trcode='mainpage']\nFor documentation on this error, please visit: https://www.selenium.dev/documentation/webdriver/troubleshooting/errors#no-such-element-exception\nBuild info: version: '4.19.1', revision: 'abe0ee07dc'\nSystem info: os.name: 'Windows 11', os.arch: 'amd64', os.version: '10.0', java.version: '22.0.1'\nDriver info: driver.version: RemoteWebDriver","trace":"org.openqa.selenium.NoSuchElementException: Unable to find element with locator By.xpath: //span[@data-trcode='mainpage']\nFor documentation on this error, please visit: https://www.selenium.dev/documentation/webdriver/troubleshooting/errors#no-such-element-exception\nBuild info: version: '4.19.1', revision: 'abe0ee07dc'\nSystem info: os.name: 'Windows 11', os.arch: 'amd64', os.version: '10.0', java.version: '22.0.1'\nDriver info: driver.version: RemoteWebDriver\r\n\tat org.openqa.selenium.remote.ElementLocation$ElementFinder$2.findElement(ElementLocation.java:168)\r\n\tat org.openqa.selenium.remote.ElementLocation.findElement(ElementLocation.java:59)\r\n\tat org.openqa.selenium.remote.RemoteWebDriver.findElement(RemoteWebDriver.java:355)\r\n\tat org.openqa.selenium.remote.RemoteWebDriver.findElement(RemoteWebDriver.java:349)\r\n\tat sis.steps.VerifyStudent.userShouldBeLoggedInSuccessfully(VerifyStudent.java:30)\r\n\tat ✽.User should be logged in successfully(file:///C:/Users/Rayya/eclipse-workspace/SIS_Project_Mahwish/src/test/resources/features/VerifyStudentInfo.feature:7)\r\n"},"stage":"finished","steps":[{"name":"Given  User navigates to SIS login page","status":"passed","statusDetails":{"known":false,"muted":false,"flaky":false},"stage":"finished","steps":[],"attachments":[],"parameters":[],"start":1753568039634,"stop":1753568039681},{"name":"When  User logs in with username \"ObamaSmith7\" and password \"J97kyel#rr\"","status":"passed","statusDetails":{"known":false,"muted":false,"flaky":false},"stage":"finished","steps":[],"attachments":[],"parameters":[],"start":1753568039682,"stop":1753568039853},{"name":"Then  User should be logged in successfully","status":"broken","statusDetails":{"known":false,"muted":false,"flaky":false,"message":"Unable to find element with locator By.xpath: //span[@data-trcode='mainpage']\nFor documentation on this error, please visit: https://www.selenium.dev/documentation/webdriver/troubleshooting/errors#no-such-element-exception\nBuild info: version: '4.19.1', revision: 'abe0ee07dc'\nSystem info: os.name: 'Windows 11', os.arch: 'amd64', os.version: '10.0', java.version: '22.0.1'\nDriver info: driver.version: RemoteWebDriver","trace":"org.openqa.selenium.NoSuchElementException: Unable to find element with locator By.xpath: //span[@data-trcode='mainpage']\nFor documentation on this error, please visit: https://www.selenium.dev/documentation/webdriver/troubleshooting/errors#no-such-element-exception\nBuild info: version: '4.19.1', revision: 'abe0ee07dc'\nSystem info: os.name: 'Windows 11', os.arch: 'amd64', os.version: '10.0', java.version: '22.0.1'\nDriver info: driver.version: RemoteWebDriver\r\n\tat org.openqa.selenium.remote.ElementLocation$ElementFinder$2.findElement(ElementLocation.java:168)\r\n\tat org.openqa.selenium.remote.ElementLocation.findElement(ElementLocation.java:59)\r\n\tat org.openqa.selenium.remote.RemoteWebDriver.findElement(RemoteWebDriver.java:355)\r\n\tat org.openqa.selenium.remote.RemoteWebDriver.findElement(RemoteWebDriver.java:349)\r\n\tat sis.steps.VerifyStudent.userShouldBeLoggedInSuccessfully(VerifyStudent.java:30)\r\n\tat ✽.User should be logged in successfully(file:///C:/Users/Rayya/eclipse-workspace/SIS_Project_Mahwish/src/test/resources/features/VerifyStudentInfo.feature:7)\r\n"},"stage":"finished","steps":[],"attachments":[],"parameters":[],"start":1753568039853,"stop":1753568039984},{"name":"And  Verify Student ID matches \"992\"","status":"skipped","statusDetails":{"known":false,"muted":false,"flaky":false},"stage":"finished","steps":[],"attachments":[],"parameters":[],"start":1753568039984,"stop":1753568039985},{"name":"And  Verify Student Name matches \"Obama Smith\"","status":"skipped","statusDetails":{"known":false,"muted":false,"flaky":false},"stage":"finished","steps":[],"attachments":[],"parameters":[],"start":1753568039985,"stop":1753568039985},{"name":"And  Verify Grade Section is \"5th Grade\"","status":"skipped","statusDetails":{"known":false,"muted":false,"flaky":false},"stage":"finished","steps":[],"attachments":[],"parameters":[],"start":1753568039985,"stop":1753568039985},{"name":"And  Verify Username matches \"ObamaSmith7\"","status":"skipped","statusDetails":{"known":false,"muted":false,"flaky":false},"stage":"finished","steps":[],"attachments":[],"parameters":[],"start":1753568039986,"stop":1753568039986}],"attachments":[],"parameters":[],"start":1753568037814,"stop":1753568039996}